f:\my codes\computer-graphics\final_project\consoleapplication1\debug\main.pch
f:\my codes\computer-graphics\final_project\consoleapplication1\debug\vc142.pdb
f:\my codes\computer-graphics\final_project\consoleapplication1\debug\vc142.idb
f:\my codes\computer-graphics\final_project\consoleapplication1\debug\pch.obj
f:\my codes\computer-graphics\final_project\consoleapplication1\debug\main.obj
f:\my codes\computer-graphics\final project\debug\main.ilk
f:\my codes\computer-graphics\final project\debug\main.exe
f:\my codes\computer-graphics\final project\debug\main.pdb
f:\my codes\computer-graphics\final_project\debug\main.exe
f:\my codes\computer-graphics\final_project\debug\main.ilk
f:\my codes\computer-graphics\final_project\debug\main.pdb
f:\my codes\computer-graphics\final_project\consoleapplication1\debug\consoleapplication1.pch
f:\my codes\computer-graphics\final_project\consoleapplication1\debug\vc141.idb
f:\my codes\computer-graphics\final_project\consoleapplication1\debug\vc141.pdb
f:\my codes\computer-graphics\final_project\consoleapplication1\debug\main.tlog\cl.command.1.tlog
f:\my codes\computer-graphics\final_project\consoleapplication1\debug\main.tlog\cl.read.1.tlog
f:\my codes\computer-graphics\final_project\consoleapplication1\debug\main.tlog\cl.write.1.tlog
f:\my codes\computer-graphics\final_project\consoleapplication1\debug\main.tlog\link.command.1.tlog
f:\my codes\computer-graphics\final_project\consoleapplication1\debug\main.tlog\link.read.1.tlog
f:\my codes\computer-graphics\final_project\consoleapplication1\debug\main.tlog\link.write.1.tlog
